2024-09-15 17:52:54 - INFO - Application crashed unexpectedly.
2024-09-15 17:57:07 - WARNING - Disk space is critically low on /dev/sda1.
2024-09-15 17:59:47 - ERROR - File not found: /var/logs/config.txt
2024-09-15 18:04:00 - ERROR - Connection to database established.
2024-09-15 18:08:53 - CRITICAL - User session expired.
2024-09-15 18:13:36 - CRITICAL - Configuration file updated.
2024-09-15 18:13:37 - DEBUG - Scheduled backup completed.
2024-09-15 18:18:14 - ERROR - Failed to retrieve data from server.
2024-09-15 18:22:16 - INFO - File not found: /var/logs/config.txt
2024-09-15 18:27:09 - WARNING - File not found: /var/logs/config.txt
2024-09-15 18:31:07 - INFO - Network latency exceeds threshold.
2024-09-15 18:34:45 - CRITICAL - Configuration file updated.
2024-09-15 18:38:01 - WARNING - File not found: /var/logs/config.txt
2024-09-15 18:38:10 - ERROR - Application crashed unexpectedly.
2024-09-15 18:43:02 - INFO - CPU usage is at 90%.
2024-09-15 18:47:36 - ERROR - Scheduled backup completed.
2024-09-15 18:49:13 - DEBUG - Configuration file updated.
2024-09-15 18:53:46 - CRITICAL - Unauthorized access attempt detected.
2024-09-15 18:53:54 - ERROR - Service restarted successfully.
2024-09-15 18:55:50 - WARNING - Configuration file updated.
2024-09-15 18:58:28 - CRITICAL - Connection to database established.
2024-09-15 19:03:13 - DEBUG - Application crashed unexpectedly.
2024-09-15 19:05:01 - INFO - Application crashed unexpectedly.
2024-09-15 19:06:20 - DEBUG - Permission denied while accessing resource.
2024-09-15 19:08:26 - DEBUG - Memory usage is at 85%.

