2024-09-15 19:06:20 - DEBUG - Permission denied while accessing resource.
2024-09-15 19:08:26 - DEBUG - Memory usage is at 85%.
2024-09-15 19:10:04 - DEBUG - Permission denied while accessing resource.
2024-09-15 19:11:36 - ERROR - File not found: /var/logs/config.txt
2024-09-15 19:14:15 - INFO - User session expired.
2024-09-15 19:17:30 - DEBUG - Scheduled backup completed.
2024-09-15 19:20:40 - DEBUG - File not found: /var/logs/config.txt
2024-09-15 19:25:04 - WARNING - Scheduled backup completed.
2024-09-15 19:29:20 - INFO - Scheduled backup completed.
2024-09-15 19:30:57 - WARNING - Service restarted successfully.
2024-09-15 19:34:04 - ERROR - Scheduled backup completed.
2024-09-15 19:34:31 - WARNING - Memory usage is at 85%.
2024-09-15 19:36:17 - DEBUG - User logged in successfully.
2024-09-15 19:41:08 - INFO - User session expired.
2024-09-15 19:44:08 - ERROR - Connection to database established.
2024-09-15 19:45:11 - ERROR - Memory usage is at 85%.
2024-09-15 19:49:23 - DEBUG - User session expired.
2024-09-15 19:50:28 - DEBUG - User session expired.
2024-09-15 19:52:06 - ERROR - Unauthorized access attempt detected.
2024-09-15 19:54:25 - ERROR - User session expired.
2024-09-15 19:58:18 - ERROR - Service restarted successfully.
2024-09-15 20:00:53 - ERROR - Configuration file updated.
2024-09-15 20:05:43 - CRITICAL - Failed to retrieve data from server.
2024-09-15 20:06:28 - ERROR - File not found: /var/logs/config.txt
2024-09-15 20:07:52 - DEBUG - Unauthorized access attempt detected.
2024-09-15 20:08:48 - INFO - CPU usage is at 95%.
2024-09-15 20:10:29 - INFO - Application crashed unexpectedly.
2024-09-15 20:13:11 - DEBUG - Network latency exceeds threshold.
2024-09-15 20:15:59 - WARNING - File not found: /var/logs/config.txt
2024-09-15 20:20:37 - CRITICAL - Unauthorized access attempt detected.
2024-09-15 20:21:18 - DEBUG - Permission denied while accessing resource.
2024-09-15 20:22:08 - CRITICAL - Permission denied while accessing resource.
2024-09-15 20:24:36 - ERROR - Unauthorized access attempt detected.
2024-09-15 20:25:11 - DEBUG - Permission denied while accessing resource.
2024-09-15 20:28:53 - DEBUG - Service restarted successfully.
2024-09-15 20:31:52 - INFO - Service restarted successfully.
2024-09-15 20:34:45 - INFO - Unauthorized access attempt detected.
